--------- beginning of crash
03-31 06:08:45.116 20380 20380 E AndroidRuntime: FATAL EXCEPTION: main
03-31 06:08:45.116 20380 20380 E AndroidRuntime: Process: com.example.calorieapp, PID: 20380
03-31 06:08:45.116 20380 20380 E AndroidRuntime: java.lang.IllegalStateException: Cannot find startDestination com.example.calorieapp.Core.Dest.Dashboard from NavGraph. Ensure the starting NavDestination was added with route from KClass.
03-31 06:08:45.116 20380 20380 E AndroidRuntime: 	at androidx.navigation.internal.NavGraphImpl.setStartDestination$navigation_common_release(NavGraphImpl.kt:334)
03-31 06:08:45.116 20380 20380 E AndroidRuntime: 	at androidx.navigation.internal.NavGraphImpl.setStartDestination$navigation_common_release(NavGraphImpl.kt:321)
03-31 06:08:45.116 20380 20380 E AndroidRuntime: 	at androidx.navigation.NavGraph.setStartDestination(NavGraph.android.kt:221)
03-31 06:08:45.116 20380 20380 E AndroidRuntime: 	at androidx.navigation.NavGraphBuilder.build(NavGraphBuilder.android.kt:169)
03-31 06:08:45.116 20380 20380 E AndroidRuntime: 	at androidx.navigation.compose.NavHostKt.NavHost(NavHost.kt:879)
03-31 06:08:45.116 20380 20380 E AndroidRuntime: 	at com.example.calorieapp.Core.CalorieNavigationKt.CalorieAppNavigation(CalorieNavigation.kt:20)
03-31 06:08:45.116 20380 20380 E AndroidRuntime: 	at com.example.calorieapp.MainActivity$onCreate$2$1.invoke(MainActivity.kt:31)
03-31 06:08:45.116 20380 20380 E AndroidRuntime: 	at com.example.calorieapp.MainActivity$onCreate$2$1.invoke(MainActivity.kt:27)
03-31 06:08:45.116 20380 20380 E AndroidRuntime: 	at androidx.compose.runtime.internal.ComposableLambdaImpl.invoke(ComposableLambda.kt:121)
03-31 06:08:45.116 20380 20380 E AndroidRuntime: 	at androidx.compose.runtime.internal.ComposableLambdaImpl$invoke$1.invoke(ComposableLambda.kt:122)
03-31 06:08:45.116 20380 20380 E AndroidRuntime: 	at androidx.compose.runtime.internal.ComposableLambdaImpl$invoke$1.invoke(ComposableLambda.kt:122)
03-31 06:08:45.116 20380 20380 E AndroidRuntime: 	at androidx.compose.runtime.RecomposeScopeImpl.compose(RecomposeScopeImpl.kt:196)
03-31 06:08:45.116 20380 20380 E AndroidRuntime: 	at androidx.compose.runtime.ComposerImpl.recomposeToGroupEnd(Composer.kt:2895)
03-31 06:08:45.116 20380 20380 E AndroidRuntime: 	at androidx.compose.runtime.ComposerImpl.skipCurrentGroup(Composer.kt:3231)
03-31 06:08:45.116 20380 20380 E AndroidRuntime: 	at androidx.compose.runtime.ComposerImpl.doCompose-aFTiNEg(Composer.kt:3855)
03-31 06:08:45.116 20380 20380 E AndroidRuntime: 	at androidx.compose.runtime.ComposerImpl.recompose-aFTiNEg$runtime(Composer.kt:3779)
03-31 06:08:45.116 20380 20380 E AndroidRuntime: 	at androidx.compose.runtime.CompositionImpl.recompose(Composition.kt:1075)
03-31 06:08:45.116 20380 20380 E AndroidRuntime: 	at androidx.compose.runtime.Recomposer.performRecompose(Recomposer.kt:1373)
03-31 06:08:45.116 20380 20380 E AndroidRuntime: 	at androidx.compose.runtime.Recomposer.access$performRecompose(Recomposer.kt:156)
03-31 06:08:45.116 20380 20380 E AndroidRuntime: 	at androidx.compose.runtime.Recomposer$runRecomposeAndApplyChanges$2.invokeSuspend$lambda$22(Recomposer.kt:627)
03-31 06:08:45.116 20380 20380 E AndroidRuntime: 	at androidx.compose.runtime.Recomposer$runRecomposeAndApplyChanges$2.$r8$lambda$OqADLCDYmRw1RgNUvn1CR0kX32M(Unknown Source:0)
03-31 06:08:45.116 20380 20380 E AndroidRuntime: 	at androidx.compose.runtime.Recomposer$runRecomposeAndApplyChanges$2$$ExternalSyntheticLambda0.invoke(D8$$SyntheticClass:0)
03-31 06:08:45.116 20380 20380 E AndroidRuntime: 	at androidx.compose.ui.platform.AndroidUiFrameClock$withFrameNanos$2$callback$1.doFrame(AndroidUiFrameClock.android.kt:39)
03-31 06:08:45.116 20380 20380 E AndroidRuntime: 	at androidx.compose.ui.platform.AndroidUiDispatcher.performFrameDispatch(AndroidUiDispatcher.android.kt:108)
03-31 06:08:45.116 20380 20380 E AndroidRuntime: 	at androidx.compose.ui.platform.AndroidUiDispatcher.access$performFrameDispatch(AndroidUiDispatcher.android.kt:41)
03-31 06:08:45.116 20380 20380 E AndroidRuntime: 	at androidx.compose.ui.platform.AndroidUiDispatcher$dispatchCallback$1.doFrame(AndroidUiDispatcher.android.kt:69)
03-31 06:08:45.116 20380 20380 E AndroidRuntime: 	at android.view.Choreographer$CallbackRecord.run(Choreographer.java:1899)
03-31 06:08:45.116 20380 20380 E AndroidRuntime: 	at android.view.Choreographer$CallbackRecord.run(Choreographer.java:1910)
03-31 06:08:45.116 20380 20380 E AndroidRuntime: 	at android.view.Choreographer.doCallbacks(Choreographer.java:1367)
03-31 06:08:45.116 20380 20380 E AndroidRuntime: 	at android.view.Choreographer.doFrame(Choreographer.java:1282)
03-31 06:08:45.116 20380 20380 E AndroidRuntime: 	at android.view.Choreographer$FrameDisplayEventReceiver.run(Choreographer.java:1870)
03-31 06:08:45.116 20380 20380 E AndroidRuntime: 	at android.os.Handler.handleCallback(Handler.java:995)
03-31 06:08:45.116 20380 20380 E AndroidRuntime: 	at android.os.Handler.dispatchMessage(Handler.java:103)
03-31 06:08:45.116 20380 20380 E AndroidRuntime: 	at android.os.Looper.loopOnce(Looper.java:273)
03-31 06:08:45.116 20380 20380 E AndroidRuntime: 	at android.os.Looper.loop(Looper.java:363)
03-31 06:08:45.116 20380 20380 E AndroidRuntime: 	at android.app.ActivityThread.main(ActivityThread.java:10060)
03-31 06:08:45.116 20380 20380 E AndroidRuntime: 	at java.lang.reflect.Method.invoke(Native Method)
03-31 06:08:45.116 20380 20380 E AndroidRuntime: 	at com.android.internal.os.RuntimeInit$MethodAndArgsCaller.run(RuntimeInit.java:632)
03-31 06:08:45.116 20380 20380 E AndroidRuntime: 	at com.android.internal.os.ZygoteInit.main(ZygoteInit.java:975)
03-31 06:08:45.116 20380 20380 E AndroidRuntime: 	Suppressed: kotlinx.coroutines.internal.DiagnosticCoroutineContextException: [androidx.compose.runtime.PausableMonotonicFrameClock@3052104, androidx.compose.ui.platform.MotionDurationScaleImpl@65676ed, StandaloneCoroutine{Cancelling}@35b0922, AndroidUiDispatcher@cd76fb3]
03-31 06:09:00.070 20494 20494 E AndroidRuntime: FATAL EXCEPTION: main
03-31 06:09:00.070 20494 20494 E AndroidRuntime: Process: com.example.calorieapp, PID: 20494
03-31 06:09:00.070 20494 20494 E AndroidRuntime: java.lang.IllegalStateException: Cannot find startDestination com.example.calorieapp.Core.Dest.Dashboard from NavGraph. Ensure the starting NavDestination was added with route from KClass.
03-31 06:09:00.070 20494 20494 E AndroidRuntime: 	at androidx.navigation.internal.NavGraphImpl.setStartDestination$navigation_common_release(NavGraphImpl.kt:334)
03-31 06:09:00.070 20494 20494 E AndroidRuntime: 	at androidx.navigation.internal.NavGraphImpl.setStartDestination$navigation_common_release(NavGraphImpl.kt:321)
03-31 06:09:00.070 20494 20494 E AndroidRuntime: 	at androidx.navigation.NavGraph.setStartDestination(NavGraph.android.kt:221)
03-31 06:09:00.070 20494 20494 E AndroidRuntime: 	at androidx.navigation.NavGraphBuilder.build(NavGraphBuilder.android.kt:169)
03-31 06:09:00.070 20494 20494 E AndroidRuntime: 	at androidx.navigation.compose.NavHostKt.NavHost(NavHost.kt:879)
03-31 06:09:00.070 20494 20494 E AndroidRuntime: 	at com.example.calorieapp.Core.CalorieNavigationKt.CalorieAppNavigation(CalorieNavigation.kt:20)
03-31 06:09:00.070 20494 20494 E AndroidRuntime: 	at com.example.calorieapp.MainActivity$onCreate$2$1.invoke(MainActivity.kt:31)
03-31 06:09:00.070 20494 20494 E AndroidRuntime: 	at com.example.calorieapp.MainActivity$onCreate$2$1.invoke(MainActivity.kt:27)
03-31 06:09:00.070 20494 20494 E AndroidRuntime: 	at androidx.compose.runtime.internal.ComposableLambdaImpl.invoke(ComposableLambda.kt:121)
03-31 06:09:00.070 20494 20494 E AndroidRuntime: 	at androidx.compose.runtime.internal.ComposableLambdaImpl$invoke$1.invoke(ComposableLambda.kt:122)
03-31 06:09:00.070 20494 20494 E AndroidRuntime: 	at androidx.compose.runtime.internal.ComposableLambdaImpl$invoke$1.invoke(ComposableLambda.kt:122)
03-31 06:09:00.070 20494 20494 E AndroidRuntime: 	at androidx.compose.runtime.RecomposeScopeImpl.compose(RecomposeScopeImpl.kt:196)
03-31 06:09:00.070 20494 20494 E AndroidRuntime: 	at androidx.compose.runtime.ComposerImpl.recomposeToGroupEnd(Composer.kt:2895)
03-31 06:09:00.070 20494 20494 E AndroidRuntime: 	at androidx.compose.runtime.ComposerImpl.skipCurrentGroup(Composer.kt:3231)
03-31 06:09:00.070 20494 20494 E AndroidRuntime: 	at androidx.compose.runtime.ComposerImpl.doCompose-aFTiNEg(Composer.kt:3855)
03-31 06:09:00.070 20494 20494 E AndroidRuntime: 	at androidx.compose.runtime.ComposerImpl.recompose-aFTiNEg$runtime(Composer.kt:3779)
03-31 06:09:00.070 20494 20494 E AndroidRuntime: 	at androidx.compose.runtime.CompositionImpl.recompose(Composition.kt:1075)
03-31 06:09:00.070 20494 20494 E AndroidRuntime: 	at androidx.compose.runtime.Recomposer.performRecompose(Recomposer.kt:1373)
03-31 06:09:00.070 20494 20494 E AndroidRuntime: 	at androidx.compose.runtime.Recomposer.access$performRecompose(Recomposer.kt:156)
03-31 06:09:00.070 20494 20494 E AndroidRuntime: 	at androidx.compose.runtime.Recomposer$runRecomposeAndApplyChanges$2.invokeSuspend$lambda$22(Recomposer.kt:627)
03-31 06:09:00.070 20494 20494 E AndroidRuntime: 	at androidx.compose.runtime.Recomposer$runRecomposeAndApplyChanges$2.$r8$lambda$OqADLCDYmRw1RgNUvn1CR0kX32M(Unknown Source:0)
03-31 06:09:00.070 20494 20494 E AndroidRuntime: 	at androidx.compose.runtime.Recomposer$runRecomposeAndApplyChanges$2$$ExternalSyntheticLambda0.invoke(D8$$SyntheticClass:0)
03-31 06:09:00.070 20494 20494 E AndroidRuntime: 	at androidx.compose.ui.platform.AndroidUiFrameClock$withFrameNanos$2$callback$1.doFrame(AndroidUiFrameClock.android.kt:39)
03-31 06:09:00.070 20494 20494 E AndroidRuntime: 	at androidx.compose.ui.platform.AndroidUiDispatcher.performFrameDispatch(AndroidUiDispatcher.android.kt:108)
03-31 06:09:00.070 20494 20494 E AndroidRuntime: 	at androidx.compose.ui.platform.AndroidUiDispatcher.access$performFrameDispatch(AndroidUiDispatcher.android.kt:41)
03-31 06:09:00.070 20494 20494 E AndroidRuntime: 	at androidx.compose.ui.platform.AndroidUiDispatcher$dispatchCallback$1.doFrame(AndroidUiDispatcher.android.kt:69)
03-31 06:09:00.070 20494 20494 E AndroidRuntime: 	at android.view.Choreographer$CallbackRecord.run(Choreographer.java:1899)
03-31 06:09:00.070 20494 20494 E AndroidRuntime: 	at android.view.Choreographer$CallbackRecord.run(Choreographer.java:1910)
03-31 06:09:00.070 20494 20494 E AndroidRuntime: 	at android.view.Choreographer.doCallbacks(Choreographer.java:1367)
03-31 06:09:00.070 20494 20494 E AndroidRuntime: 	at android.view.Choreographer.doFrame(Choreographer.java:1282)
03-31 06:09:00.070 20494 20494 E AndroidRuntime: 	at android.view.Choreographer$FrameDisplayEventReceiver.run(Choreographer.java:1870)
03-31 06:09:00.070 20494 20494 E AndroidRuntime: 	at android.os.Handler.handleCallback(Handler.java:995)
03-31 06:09:00.070 20494 20494 E AndroidRuntime: 	at android.os.Handler.dispatchMessage(Handler.java:103)
03-31 06:09:00.070 20494 20494 E AndroidRuntime: 	at android.os.Looper.loopOnce(Looper.java:273)
03-31 06:09:00.070 20494 20494 E AndroidRuntime: 	at android.os.Looper.loop(Looper.java:363)
03-31 06:09:00.070 20494 20494 E AndroidRuntime: 	at android.app.ActivityThread.main(ActivityThread.java:10060)
03-31 06:09:00.070 20494 20494 E AndroidRuntime: 	at java.lang.reflect.Method.invoke(Native Method)
03-31 06:09:00.070 20494 20494 E AndroidRuntime: 	at com.android.internal.os.RuntimeInit$MethodAndArgsCaller.run(RuntimeInit.java:632)
03-31 06:09:00.070 20494 20494 E AndroidRuntime: 	at com.android.internal.os.ZygoteInit.main(ZygoteInit.java:975)
03-31 06:09:00.070 20494 20494 E AndroidRuntime: 	Suppressed: kotlinx.coroutines.internal.DiagnosticCoroutineContextException: [androidx.compose.runtime.PausableMonotonicFrameClock@571e996, androidx.compose.ui.platform.MotionDurationScaleImpl@6b05917, StandaloneCoroutine{Cancelling}@3052104, AndroidUiDispatcher@65676ed]
03-31 06:09:04.367 20605 20605 E AndroidRuntime: FATAL EXCEPTION: main
03-31 06:09:04.367 20605 20605 E AndroidRuntime: Process: com.example.calorieapp, PID: 20605
03-31 06:09:04.367 20605 20605 E AndroidRuntime: java.lang.IllegalStateException: Cannot find startDestination com.example.calorieapp.Core.Dest.Dashboard from NavGraph. Ensure the starting NavDestination was added with route from KClass.
03-31 06:09:04.367 20605 20605 E AndroidRuntime: 	at androidx.navigation.internal.NavGraphImpl.setStartDestination$navigation_common_release(NavGraphImpl.kt:334)
03-31 06:09:04.367 20605 20605 E AndroidRuntime: 	at androidx.navigation.internal.NavGraphImpl.setStartDestination$navigation_common_release(NavGraphImpl.kt:321)
03-31 06:09:04.367 20605 20605 E AndroidRuntime: 	at androidx.navigation.NavGraph.setStartDestination(NavGraph.android.kt:221)
03-31 06:09:04.367 20605 20605 E AndroidRuntime: 	at androidx.navigation.NavGraphBuilder.build(NavGraphBuilder.android.kt:169)
03-31 06:09:04.367 20605 20605 E AndroidRuntime: 	at androidx.navigation.compose.NavHostKt.NavHost(NavHost.kt:879)
03-31 06:09:04.367 20605 20605 E AndroidRuntime: 	at com.example.calorieapp.Core.CalorieNavigationKt.CalorieAppNavigation(CalorieNavigation.kt:20)
03-31 06:09:04.367 20605 20605 E AndroidRuntime: 	at com.example.calorieapp.MainActivity$onCreate$2$1.invoke(MainActivity.kt:31)
03-31 06:09:04.367 20605 20605 E AndroidRuntime: 	at com.example.calorieapp.MainActivity$onCreate$2$1.invoke(MainActivity.kt:27)
03-31 06:09:04.367 20605 20605 E AndroidRuntime: 	at androidx.compose.runtime.internal.ComposableLambdaImpl.invoke(ComposableLambda.kt:121)
03-31 06:09:04.367 20605 20605 E AndroidRuntime: 	at androidx.compose.runtime.internal.ComposableLambdaImpl$invoke$1.invoke(ComposableLambda.kt:122)
03-31 06:09:04.367 20605 20605 E AndroidRuntime: 	at androidx.compose.runtime.internal.ComposableLambdaImpl$invoke$1.invoke(ComposableLambda.kt:122)
03-31 06:09:04.367 20605 20605 E AndroidRuntime: 	at androidx.compose.runtime.RecomposeScopeImpl.compose(RecomposeScopeImpl.kt:196)
03-31 06:09:04.367 20605 20605 E AndroidRuntime: 	at androidx.compose.runtime.ComposerImpl.recomposeToGroupEnd(Composer.kt:2895)
03-31 06:09:04.367 20605 20605 E AndroidRuntime: 	at androidx.compose.runtime.ComposerImpl.skipCurrentGroup(Composer.kt:3231)
03-31 06:09:04.367 20605 20605 E AndroidRuntime: 	at androidx.compose.runtime.ComposerImpl.doCompose-aFTiNEg(Composer.kt:3855)
03-31 06:09:04.367 20605 20605 E AndroidRuntime: 	at androidx.compose.runtime.ComposerImpl.recompose-aFTiNEg$runtime(Composer.kt:3779)
03-31 06:09:04.367 20605 20605 E AndroidRuntime: 	at androidx.compose.runtime.CompositionImpl.recompose(Composition.kt:1075)
03-31 06:09:04.367 20605 20605 E AndroidRuntime: 	at androidx.compose.runtime.Recomposer.performRecompose(Recomposer.kt:1373)
03-31 06:09:04.367 20605 20605 E AndroidRuntime: 	at androidx.compose.runtime.Recomposer.access$performRecompose(Recomposer.kt:156)
03-31 06:09:04.367 20605 20605 E AndroidRuntime: 	at androidx.compose.runtime.Recomposer$runRecomposeAndApplyChanges$2.invokeSuspend$lambda$22(Recomposer.kt:627)
03-31 06:09:04.367 20605 20605 E AndroidRuntime: 	at androidx.compose.runtime.Recomposer$runRecomposeAndApplyChanges$2.$r8$lambda$OqADLCDYmRw1RgNUvn1CR0kX32M(Unknown Source:0)
03-31 06:09:04.367 20605 20605 E AndroidRuntime: 	at androidx.compose.runtime.Recomposer$runRecomposeAndApplyChanges$2$$ExternalSyntheticLambda0.invoke(D8$$SyntheticClass:0)
03-31 06:09:04.367 20605 20605 E AndroidRuntime: 	at androidx.compose.ui.platform.AndroidUiFrameClock$withFrameNanos$2$callback$1.doFrame(AndroidUiFrameClock.android.kt:39)
03-31 06:09:04.367 20605 20605 E AndroidRuntime: 	at androidx.compose.ui.platform.AndroidUiDispatcher.performFrameDispatch(AndroidUiDispatcher.android.kt:108)
03-31 06:09:04.367 20605 20605 E AndroidRuntime: 	at androidx.compose.ui.platform.AndroidUiDispatcher.access$performFrameDispatch(AndroidUiDispatcher.android.kt:41)
03-31 06:09:04.367 20605 20605 E AndroidRuntime: 	at androidx.compose.ui.platform.AndroidUiDispatcher$dispatchCallback$1.doFrame(AndroidUiDispatcher.android.kt:69)
03-31 06:09:04.367 20605 20605 E AndroidRuntime: 	at android.view.Choreographer$CallbackRecord.run(Choreographer.java:1899)
03-31 06:09:04.367 20605 20605 E AndroidRuntime: 	at android.view.Choreographer$CallbackRecord.run(Choreographer.java:1910)
03-31 06:09:04.367 20605 20605 E AndroidRuntime: 	at android.view.Choreographer.doCallbacks(Choreographer.java:1367)
03-31 06:09:04.367 20605 20605 E AndroidRuntime: 	at android.view.Choreographer.doFrame(Choreographer.java:1282)
03-31 06:09:04.367 20605 20605 E AndroidRuntime: 	at android.view.Choreographer$FrameDisplayEventReceiver.run(Choreographer.java:1870)
03-31 06:09:04.367 20605 20605 E AndroidRuntime: 	at android.os.Handler.handleCallback(Handler.java:995)
03-31 06:09:04.367 20605 20605 E AndroidRuntime: 	at android.os.Handler.dispatchMessage(Handler.java:103)
03-31 06:09:04.367 20605 20605 E AndroidRuntime: 	at android.os.Looper.loopOnce(Looper.java:273)
03-31 06:09:04.367 20605 20605 E AndroidRuntime: 	at android.os.Looper.loop(Looper.java:363)
03-31 06:09:04.367 20605 20605 E AndroidRuntime: 	at android.app.ActivityThread.main(ActivityThread.java:10060)
03-31 06:09:04.367 20605 20605 E AndroidRuntime: 	at java.lang.reflect.Method.invoke(Native Method)
03-31 06:09:04.367 20605 20605 E AndroidRuntime: 	at com.android.internal.os.RuntimeInit$MethodAndArgsCaller.run(RuntimeInit.java:632)
03-31 06:09:04.367 20605 20605 E AndroidRuntime: 	at com.android.internal.os.ZygoteInit.main(ZygoteInit.java:975)
03-31 06:09:04.367 20605 20605 E AndroidRuntime: 	Suppressed: kotlinx.coroutines.internal.DiagnosticCoroutineContextException: [androidx.compose.runtime.PausableMonotonicFrameClock@3c5eaf6, androidx.compose.ui.platform.MotionDurationScaleImpl@9202ef7, StandaloneCoroutine{Cancelling}@b0d7164, AndroidUiDispatcher@49defcd]
03-31 06:09:12.718 20707 20707 E AndroidRuntime: FATAL EXCEPTION: main
03-31 06:09:12.718 20707 20707 E AndroidRuntime: Process: com.example.calorieapp, PID: 20707
03-31 06:09:12.718 20707 20707 E AndroidRuntime: java.lang.IllegalStateException: Cannot find startDestination com.example.calorieapp.Core.Dest.Dashboard from NavGraph. Ensure the starting NavDestination was added with route from KClass.
03-31 06:09:12.718 20707 20707 E AndroidRuntime: 	at androidx.navigation.internal.NavGraphImpl.setStartDestination$navigation_common_release(NavGraphImpl.kt:334)
03-31 06:09:12.718 20707 20707 E AndroidRuntime: 	at androidx.navigation.internal.NavGraphImpl.setStartDestination$navigation_common_release(NavGraphImpl.kt:321)
03-31 06:09:12.718 20707 20707 E AndroidRuntime: 	at androidx.navigation.NavGraph.setStartDestination(NavGraph.android.kt:221)
03-31 06:09:12.718 20707 20707 E AndroidRuntime: 	at androidx.navigation.NavGraphBuilder.build(NavGraphBuilder.android.kt:169)
03-31 06:09:12.718 20707 20707 E AndroidRuntime: 	at androidx.navigation.compose.NavHostKt.NavHost(NavHost.kt:879)
03-31 06:09:12.718 20707 20707 E AndroidRuntime: 	at com.example.calorieapp.Core.CalorieNavigationKt.CalorieAppNavigation(CalorieNavigation.kt:20)
03-31 06:09:12.718 20707 20707 E AndroidRuntime: 	at com.example.calorieapp.MainActivity$onCreate$2$1.invoke(MainActivity.kt:31)
03-31 06:09:12.718 20707 20707 E AndroidRuntime: 	at com.example.calorieapp.MainActivity$onCreate$2$1.invoke(MainActivity.kt:27)
03-31 06:09:12.718 20707 20707 E AndroidRuntime: 	at androidx.compose.runtime.internal.ComposableLambdaImpl.invoke(ComposableLambda.kt:121)
03-31 06:09:12.718 20707 20707 E AndroidRuntime: 	at androidx.compose.runtime.internal.ComposableLambdaImpl$invoke$1.invoke(ComposableLambda.kt:122)
03-31 06:09:12.718 20707 20707 E AndroidRuntime: 	at androidx.compose.runtime.internal.ComposableLambdaImpl$invoke$1.invoke(ComposableLambda.kt:122)
03-31 06:09:12.718 20707 20707 E AndroidRuntime: 	at androidx.compose.runtime.RecomposeScopeImpl.compose(RecomposeScopeImpl.kt:196)
03-31 06:09:12.718 20707 20707 E AndroidRuntime: 	at androidx.compose.runtime.ComposerImpl.recomposeToGroupEnd(Composer.kt:2895)
03-31 06:09:12.718 20707 20707 E AndroidRuntime: 	at androidx.compose.runtime.ComposerImpl.skipCurrentGroup(Composer.kt:3231)
03-31 06:09:12.718 20707 20707 E AndroidRuntime: 	at androidx.compose.runtime.ComposerImpl.doCompose-aFTiNEg(Composer.kt:3855)
03-31 06:09:12.718 20707 20707 E AndroidRuntime: 	at androidx.compose.runtime.ComposerImpl.recompose-aFTiNEg$runtime(Composer.kt:3779)
03-31 06:09:12.718 20707 20707 E AndroidRuntime: 	at androidx.compose.runtime.CompositionImpl.recompose(Composition.kt:1075)
03-31 06:09:12.718 20707 20707 E AndroidRuntime: 	at androidx.compose.runtime.Recomposer.performRecompose(Recomposer.kt:1373)
03-31 06:09:12.718 20707 20707 E AndroidRuntime: 	at androidx.compose.runtime.Recomposer.access$performRecompose(Recomposer.kt:156)
03-31 06:09:12.718 20707 20707 E AndroidRuntime: 	at androidx.compose.runtime.Recomposer$runRecomposeAndApplyChanges$2.invokeSuspend$lambda$22(Recomposer.kt:627)
03-31 06:09:12.718 20707 20707 E AndroidRuntime: 	at androidx.compose.runtime.Recomposer$runRecomposeAndApplyChanges$2.$r8$lambda$OqADLCDYmRw1RgNUvn1CR0kX32M(Unknown Source:0)
03-31 06:09:12.718 20707 20707 E AndroidRuntime: 	at androidx.compose.runtime.Recomposer$runRecomposeAndApplyChanges$2$$ExternalSyntheticLambda0.invoke(D8$$SyntheticClass:0)
03-31 06:09:12.718 20707 20707 E AndroidRuntime: 	at androidx.compose.ui.platform.AndroidUiFrameClock$withFrameNanos$2$callback$1.doFrame(AndroidUiFrameClock.android.kt:39)
03-31 06:09:12.718 20707 20707 E AndroidRuntime: 	at androidx.compose.ui.platform.AndroidUiDispatcher.performFrameDispatch(AndroidUiDispatcher.android.kt:108)
03-31 06:09:12.718 20707 20707 E AndroidRuntime: 	at androidx.compose.ui.platform.AndroidUiDispatcher.access$performFrameDispatch(AndroidUiDispatcher.android.kt:41)
03-31 06:09:12.718 20707 20707 E AndroidRuntime: 	at androidx.compose.ui.platform.AndroidUiDispatcher$dispatchCallback$1.doFrame(AndroidUiDispatcher.android.kt:69)
03-31 06:09:12.718 20707 20707 E AndroidRuntime: 	at android.view.Choreographer$CallbackRecord.run(Choreographer.java:1899)
03-31 06:09:12.718 20707 20707 E AndroidRuntime: 	at android.view.Choreographer$CallbackRecord.run(Choreographer.java:1910)
03-31 06:09:12.718 20707 20707 E AndroidRuntime: 	at android.view.Choreographer.doCallbacks(Choreographer.java:1367)
03-31 06:09:12.718 20707 20707 E AndroidRuntime: 	at android.view.Choreographer.doFrame(Choreographer.java:1282)
03-31 06:09:12.718 20707 20707 E AndroidRuntime: 	at android.view.Choreographer$FrameDisplayEventReceiver.run(Choreographer.java:1870)
03-31 06:09:12.718 20707 20707 E AndroidRuntime: 	at android.os.Handler.handleCallback(Handler.java:995)
03-31 06:09:12.718 20707 20707 E AndroidRuntime: 	at android.os.Handler.dispatchMessage(Handler.java:103)
03-31 06:09:12.718 20707 20707 E AndroidRuntime: 	at android.os.Looper.loopOnce(Looper.java:273)
03-31 06:09:12.718 20707 20707 E AndroidRuntime: 	at android.os.Looper.loop(Looper.java:363)
03-31 06:09:12.718 20707 20707 E AndroidRuntime: 	at android.app.ActivityThread.main(ActivityThread.java:10060)
03-31 06:09:12.718 20707 20707 E AndroidRuntime: 	at java.lang.reflect.Method.invoke(Native Method)
03-31 06:09:12.718 20707 20707 E AndroidRuntime: 	at com.android.internal.os.RuntimeInit$MethodAndArgsCaller.run(RuntimeInit.java:632)
03-31 06:09:12.718 20707 20707 E AndroidRuntime: 	at com.android.internal.os.ZygoteInit.main(ZygoteInit.java:975)
03-31 06:09:12.718 20707 20707 E AndroidRuntime: 	Suppressed: kotlinx.coroutines.internal.DiagnosticCoroutineContextException: [androidx.compose.runtime.PausableMonotonicFrameClock@3c5eaf6, androidx.compose.ui.platform.MotionDurationScaleImpl@9202ef7, StandaloneCoroutine{Cancelling}@b0d7164, AndroidUiDispatcher@49defcd]
